# JRE version: Java(TM) SE Runtime Environment (8.0_162-b12) (build 1.8.0_162-b12)
# Java VM: Java HotSpot(TM) 64-Bit Server VM (25.162-b12 mixed mode windows-amd64 compressed oops)
Heap:
 PSYoungGen      total 249856K, used 50403K [0x00000000e0000000, 0x00000000f1380000, 0x0000000100000000)
  eden space 226816K, 12% used [0x00000000e0000000,0x00000000e1abec40,0x00000000edd80000)
  from space 23040K, 99% used [0x00000000efa80000,0x00000000f10fa070,0x00000000f1100000)
  to   space 27648K, 0% used [0x00000000edd80000,0x00000000edd80000,0x00000000ef880000)
 ParOldGen       total 84992K, used 45182K [0x00000000a0000000, 0x00000000a5300000, 0x00000000e0000000)
  object space 84992K, 53% used [0x00000000a0000000,0x00000000a2c1fa00,0x00000000a5300000)
 Metaspace       used 77451K, capacity 80198K, committed 80344K, reserved 1118208K
  class space    used 10316K, capacity 10943K, committed 11008K, reserved 1048576K
GC Heap History (10 events):
Event: 30.354 GC heap before
{Heap before GC invocations=15 (full 2):
 PSYoungGen      total 164864K, used 68309K [0x00000000e0000000, 0x00000000eb380000, 0x0000000100000000)
  eden space 152064K, 38% used [0x00000000e0000000,0x00000000e3943b38,0x00000000e9480000)
  from space 12800K, 75% used [0x00000000ea700000,0x00000000eb071ae0,0x00000000eb380000)
  to   space 15872K, 0% used [0x00000000e9480000,0x00000000e9480000,0x00000000ea400000)
 ParOldGen       total 55808K, used 30164K [0x00000000a0000000, 0x00000000a3680000, 0x00000000e0000000)
  object space 55808K, 54% used [0x00000000a0000000,0x00000000a1d75210,0x00000000a3680000)
 Metaspace       used 57480K, capacity 58956K, committed 59096K, reserved 1099776K
  class space    used 7794K, capacity 8170K, committed 8192K, reserved 1048576K
Event: 30.372 GC heap after
Heap after GC invocations=15 (full 2):
 PSYoungGen      total 167936K, used 8305K [0x00000000e0000000, 0x00000000ed400000, 0x0000000100000000)
  eden space 152064K, 0% used [0x00000000e0000000,0x00000000e0000000,0x00000000e9480000)
  from space 15872K, 52% used [0x00000000e9480000,0x00000000e9c9c7d0,0x00000000ea400000)
  to   space 15360K, 0% used [0x00000000ec500000,0x00000000ec500000,0x00000000ed400000)
 ParOldGen       total 55808K, used 30236K [0x00000000a0000000, 0x00000000a3680000, 0x00000000e0000000)
  object space 55808K, 54% used [0x00000000a0000000,0x00000000a1d87220,0x00000000a3680000)
 Metaspace       used 57480K, capacity 58956K, committed 59096K, reserved 1099776K
  class space    used 7794K, capacity 8170K, committed 8192K, reserved 1048576K
}
Event: 30.372 GC heap before
{Heap before GC invocations=16 (full 3):
 PSYoungGen      total 167936K, used 8305K [0x00000000e0000000, 0x00000000ed400000, 0x0000000100000000)
  eden space 152064K, 0% used [0x00000000e0000000,0x00000000e0000000,0x00000000e9480000)
  from space 15872K, 52% used [0x00000000e9480000,0x00000000e9c9c7d0,0x00000000ea400000)
  to   space 15360K, 0% used [0x00000000ec500000,0x00000000ec500000,0x00000000ed400000)
 ParOldGen       total 55808K, used 30236K [0x00000000a0000000, 0x00000000a3680000, 0x00000000e0000000)
  object space 55808K, 54% used [0x00000000a0000000,0x00000000a1d87220,0x00000000a3680000)
 Metaspace       used 57480K, capacity 58956K, committed 59096K, reserved 1099776K
  class space    used 7794K, capacity 8170K, committed 8192K, reserved 1048576K
Event: 30.676 GC heap after
Heap after GC invocations=16 (full 3):
 PSYoungGen      total 167936K, used 0K [0x00000000e0000000, 0x00000000ed400000, 0x0000000100000000)
  eden space 152064K, 0% used [0x00000000e0000000,0x00000000e0000000,0x00000000e9480000)
  from space 15872K, 0% used [0x00000000e9480000,0x00000000e9480000,0x00000000ea400000)
  to   space 15360K, 0% used [0x00000000ec500000,0x00000000ec500000,0x00000000ed400000)
 ParOldGen       total 84992K, used 30951K [0x00000000a0000000, 0x00000000a5300000, 0x00000000e0000000)
  object space 84992K, 36% used [0x00000000a0000000,0x00000000a1e39cf0,0x00000000a5300000)
 Metaspace       used 57454K, capacity 58868K, committed 59096K, reserved 1099776K
  class space    used 7787K, capacity 8162K, committed 8192K, reserved 1048576K
}
Event: 33.619 GC heap before
{Heap before GC invocations=17 (full 3):
 PSYoungGen      total 167936K, used 152064K [0x00000000e0000000, 0x00000000ed400000, 0x0000000100000000)
  eden space 152064K, 100% used [0x00000000e0000000,0x00000000e9480000,0x00000000e9480000)
  from space 15872K, 0% used [0x00000000e9480000,0x00000000e9480000,0x00000000ea400000)
  to   space 15360K, 0% used [0x00000000ec500000,0x00000000ec500000,0x00000000ed400000)
 ParOldGen       total 84992K, used 30951K [0x00000000a0000000, 0x00000000a5300000, 0x00000000e0000000)
  object space 84992K, 36% used [0x00000000a0000000,0x00000000a1e39cf0,0x00000000a5300000)
 Metaspace       used 65371K, capacity 67324K, committed 67672K, reserved 1107968K
  class space    used 9031K, capacity 9519K, committed 9600K, reserved 1048576K
Event: 33.657 GC heap after
Heap after GC invocations=17 (full 3):
 PSYoungGen      total 200192K, used 12832K [0x00000000e0000000, 0x00000000ed880000, 0x0000000100000000)
  eden space 184832K, 0% used [0x00000000e0000000,0x00000000e0000000,0x00000000eb480000)
  from space 15360K, 83% used [0x00000000ec500000,0x00000000ed188100,0x00000000ed400000)
  to   space 16896K, 0% used [0x00000000eb480000,0x00000000eb480000,0x00000000ec500000)
 ParOldGen       total 84992K, used 30959K [0x00000000a0000000, 0x00000000a5300000, 0x00000000e0000000)
  object space 84992K, 36% used [0x00000000a0000000,0x00000000a1e3bcf0,0x00000000a5300000)
 Metaspace       used 65371K, capacity 67324K, committed 67672K, reserved 1107968K
  class space    used 9031K, capacity 9519K, committed 9600K, reserved 1048576K
}
Event: 36.662 GC heap before
{Heap before GC invocations=18 (full 3):
 PSYoungGen      total 200192K, used 197664K [0x00000000e0000000, 0x00000000ed880000, 0x0000000100000000)
  eden space 184832K, 100% used [0x00000000e0000000,0x00000000eb480000,0x00000000eb480000)
  from space 15360K, 83% used [0x00000000ec500000,0x00000000ed188100,0x00000000ed400000)
  to   space 16896K, 0% used [0x00000000eb480000,0x00000000eb480000,0x00000000ec500000)
 ParOldGen       total 84992K, used 30959K [0x00000000a0000000, 0x00000000a5300000, 0x00000000e0000000)
  object space 84992K, 36% used [0x00000000a0000000,0x00000000a1e3bcf0,0x00000000a5300000)
 Metaspace       used 70585K, capacity 72854K, committed 72920K, reserved 1112064K
  class space    used 9722K, capacity 10233K, committed 10240K, reserved 1048576K
Event: 36.724 GC heap after
Heap after GC invocations=18 (full 3):
 PSYoungGen      total 201728K, used 16865K [0x00000000e0000000, 0x00000000f1100000, 0x0000000100000000)
  eden space 184832K, 0% used [0x00000000e0000000,0x00000000e0000000,0x00000000eb480000)
  from space 16896K, 99% used [0x00000000eb480000,0x00000000ec4f8490,0x00000000ec500000)
  to   space 23040K, 0% used [0x00000000efa80000,0x00000000efa80000,0x00000000f1100000)
 ParOldGen       total 84992K, used 41584K [0x00000000a0000000, 0x00000000a5300000, 0x00000000e0000000)
  object space 84992K, 48% used [0x00000000a0000000,0x00000000a289c000,0x00000000a5300000)
 Metaspace       used 70585K, capacity 72854K, committed 72920K, reserved 1112064K
  class space    used 9722K, capacity 10233K, committed 10240K, reserved 1048576K
}
Event: 1262.219 GC heap before
{Heap before GC invocations=19 (full 3):
 PSYoungGen      total 201728K, used 201697K [0x00000000e0000000, 0x00000000f1100000, 0x0000000100000000)
  eden space 184832K, 100% used [0x00000000e0000000,0x00000000eb480000,0x00000000eb480000)
  from space 16896K, 99% used [0x00000000eb480000,0x00000000ec4f8490,0x00000000ec500000)
  to   space 23040K, 0% used [0x00000000efa80000,0x00000000efa80000,0x00000000f1100000)
 ParOldGen       total 84992K, used 41584K [0x00000000a0000000, 0x00000000a5300000, 0x00000000e0000000)
  object space 84992K, 48% used [0x00000000a0000000,0x00000000a289c000,0x00000000a5300000)
 Metaspace       used 77357K, capacity 80110K, committed 80344K, reserved 1118208K
  class space    used 10313K, capacity 10939K, committed 11008K, reserved 1048576K
Event: 1264.161 GC heap after
Heap after GC invocations=19 (full 3):
 PSYoungGen      total 249856K, used 23016K [0x00000000e0000000, 0x00000000f1380000, 0x0000000100000000)
  eden space 226816K, 0% used [0x00000000e0000000,0x00000000e0000000,0x00000000edd80000)
  from space 23040K, 99% used [0x00000000efa80000,0x00000000f10fa070,0x00000000f1100000)
  to   space 27648K, 0% used [0x00000000edd80000,0x00000000edd80000,0x00000000ef880000)
 ParOldGen       total 84992K, used 45182K [0x00000000a0000000, 0x00000000a5300000, 0x00000000e0000000)
  object space 84992K, 53% used [0x00000000a0000000,0x00000000a2c1fa00,0x00000000a5300000)
 Metaspace       used 77357K, capacity 80110K, committed 80344K, reserved 1118208K
  class space    used 10313K, capacity 10939K, committed 11008K, reserved 1048576K
}

